#
# There is insufficient memory for the Java Runtime Environment to continue.
# Native memory allocation (mmap) failed to map 100663296 bytes for G1 virtual space
# Possible reasons:
#   The system is out of physical RAM or swap space
#   The process is running with CompressedOops enabled, and the Java Heap may be blocking the growth of the native heap
# Possible solutions:
#   Reduce memory load on the system
#   Increase physical memory or swap space
#   Check if swap backing store is full
#   Decrease Java heap size (-Xmx/-Xms)
#   Decrease number of Java threads
#   Decrease Java thread stack sizes (-Xss)
#   Set larger code cache with -XX:ReservedCodeCacheSize=
#   JVM is running with Unscaled Compressed Oops mode in which the Java heap is
#     placed in the first 4GB address space. The Java Heap base address is the
#     maximum limit for the native heap growth. Please use -XX:HeapBaseMinAddress
#     to set the Java Heap base and to place the Java Heap above 4GB virtual address.
# This output file may be truncated or incomplete.
#
#  Out of Memory Error (os_windows.cpp:3541), pid=6868, tid=6220
#
# JRE version:  (17.0.5+9) (build )
# Java VM: Java HotSpot(TM) 64-Bit Server VM (17.0.5+9-LTS-191, mixed mode, sharing, tiered, compressed oops, compressed class ptrs, g1 gc, windows-amd64)
# No core dump will be written. Minidumps are not enabled by default on client versions of Windows
#

---------------  S U M M A R Y ------------

Command Line: -javaagent:C:\Program Files\JetBrains\IntelliJ IDEA Community Edition 2021.2.3\lib\idea_rt.jar=61889:C:\Program Files\JetBrains\IntelliJ IDEA Community Edition 2021.2.3\bin -Dfile.encoding=UTF-8 io.github.pacatovisk.mscartoes.MscartoesApplication

Host: AMD Athlon 3000G with Radeon Vega Graphics     , 4 cores, 5G,  Windows 10 , 64 bit Build 19041 (10.0.19041.3155)
Time: Sun Jul 30 19:29:05 2023 Hora oficial do Brasil elapsed time: 0.115143 seconds (0d 0h 0m 0s)

---------------  T H R E A D  ---------------

Current thread (0x0000027997afd320):  JavaThread "Unknown thread" [_thread_in_vm, id=6220, stack(0x000000feed200000,0x000000feed300000)]

Stack: [0x000000feed200000,0x000000feed300000]
Native frames: (J=compiled Java code, j=interpreted, Vv=VM code, C=native code)
V  [jvm.dll+0x672eea]
V  [jvm.dll+0x7d2a04]
V  [jvm.dll+0x7d41ae]
V  [jvm.dll+0x7d4813]
V  [jvm.dll+0x242c15]
V  [jvm.dll+0x66fe09]
V  [jvm.dll+0x664682]
V  [jvm.dll+0x300e8b]
V  [jvm.dll+0x308426]
V  [jvm.dll+0x357ffe]
V  [jvm.dll+0x35822f]
V  [jvm.dll+0x2d80a8]
V  [jvm.dll+0x2d9014]
V  [jvm.dll+0x7a44e1]
V  [jvm.dll+0x365df1]
V  [jvm.dll+0x7838fc]
V  [jvm.dll+0x3e873f]
V  [jvm.dll+0x3ea1e1]
C  [jli.dll+0x527b]
C  [ucrtbase.dll+0x21bb2]
C  [KERNEL32.DLL+0x17614]
C  [ntdll.dll+0x526b1]


---------------  P R O C E S S  ---------------

Threads class SMR info:
_java_thread_list=0x00007ff87ea4a8d8, length=0, elements={
}

Java Threads: ( => current thread )

Other Threads:
  0x0000027997b4a020 GCTaskThread "GC Thread#0" [stack: 0x000000feed300000,0x000000feed400000] [id=7768]
  0x0000027997b57c80 ConcurrentGCThread "G1 Main Marker" [stack: 0x000000feed400000,0x000000feed500000] [id=3780]
  0x0000027997b585a0 ConcurrentGCThread "G1 Conc#0" [stack: 0x000000feed500000,0x000000feed600000] [id=17672]

[error occurred during error reporting (printing all threads), id 0xc0000005, EXCEPTION_ACCESS_VIOLATION (0xc0000005) at pc=0x00007ff87e298a97]

VM state: not at safepoint (not fully initialized)

VM Mutex/Monitor currently owned by a thread:  ([mutex/lock_event])
[0x0000027997af8430] Heap_lock - owner thread: 0x0000027997afd320

Heap address: 0x00000000a1000000, size: 1520 MB, Compressed Oops mode: 32-bit

CDS archive(s) mapped at: [0x0000000000000000-0x0000000000000000-0x0000000000000000), size 0, SharedBaseAddress: 0x0000000800000000, ArchiveRelocationMode: 0.
Narrow klass base: 0x0000000000000000, Narrow klass shift: 0, Narrow klass range: 0x0

GC Precious Log:
<Empty>

Heap:
 garbage-first heap   total 0K, used 0K [0x00000000a1000000, 0x0000000100000000)
  region size 1024K, 0 young (0K), 0 survivors (0K)

[error occurred during error reporting (printing heap information), id 0xc0000005, EXCEPTION_ACCESS_VIOLATION (0xc0000005) at pc=0x00007ff87e67c399]

GC Heap History (0 events):
No events

Deoptimization events (0 events):
No events

Classes unloaded (0 events):
No events

Classes redefined (0 events):
No events

Internal exceptions (0 events):
No events

VM Operations (0 events):
No events

Events (1 events):
Event: 0.108 Loaded shared library C:\Program Files\Java\jdk-17.0.5\bin\java.dll


Dynamic libraries:
0x00007ff7a9680000 - 0x00007ff7a9690000 	C:\Program Files\Java\jdk-17.0.5\bin\java.exe
0x00007ff8cf610000 - 0x00007ff8cf808000 	C:\Windows\SYSTEM32\ntdll.dll
0x00007ff8cd6f0000 - 0x00007ff8cd7af000 	C:\Windows\System32\KERNEL32.DLL
0x00007ff8cccf0000 - 0x00007ff8ccfe6000 	C:\Windows\System32\KERNELBASE.dll
0x00007ff8ccff0000 - 0x00007ff8cd0f0000 	C:\Windows\System32\ucrtbase.dll
0x00007ff8b2860000 - 0x00007ff8b2878000 	C:\Program Files\Java\jdk-17.0.5\bin\jli.dll
0x00007ff8ce6b0000 - 0x00007ff8ce75f000 	C:\Windows\System32\ADVAPI32.dll
0x00007ff8cdaa0000 - 0x00007ff8cdb3e000 	C:\Windows\System32\msvcrt.dll
0x00007ff8cda00000 - 0x00007ff8cda9c000 	C:\Windows\System32\sechost.dll
0x00007ff8cdc80000 - 0x00007ff8cdda6000 	C:\Windows\System32\RPCRT4.dll
0x00007ff8ce510000 - 0x00007ff8ce6ad000 	C:\Windows\System32\USER32.dll
0x00007ff8cd280000 - 0x00007ff8cd2a2000 	C:\Windows\System32\win32u.dll
0x00007ff8cd7c0000 - 0x00007ff8cd7ec000 	C:\Windows\System32\GDI32.dll
0x00007ff8cd2b0000 - 0x00007ff8cd3c5000 	C:\Windows\System32\gdi32full.dll
0x00007ff8cd140000 - 0x00007ff8cd1dd000 	C:\Windows\System32\msvcp_win.dll
0x00007ff8b1d30000 - 0x00007ff8b1fca000 	C:\Windows\WinSxS\amd64_microsoft.windows.common-controls_6595b64144ccf1df_6.0.19041.1110_none_60b5254171f9507e\COMCTL32.dll
0x00007ff8c4bc0000 - 0x00007ff8c4bca000 	C:\Windows\SYSTEM32\VERSION.dll
0x00007ff8c4f30000 - 0x00007ff8c4f4a000 	C:\Program Files\Java\jdk-17.0.5\bin\VCRUNTIME140.dll
0x00007ff8ce170000 - 0x00007ff8ce1a0000 	C:\Windows\System32\IMM32.DLL
0x00007ff8c4f20000 - 0x00007ff8c4f2c000 	C:\Program Files\Java\jdk-17.0.5\bin\vcruntime140_1.dll
0x00007ff898540000 - 0x00007ff8985cd000 	C:\Program Files\Java\jdk-17.0.5\bin\msvcp140.dll
0x00007ff87dfb0000 - 0x00007ff87eb72000 	C:\Program Files\Java\jdk-17.0.5\bin\server\jvm.dll
0x00007ff8cd7b0000 - 0x00007ff8cd7b8000 	C:\Windows\System32\PSAPI.DLL
0x00007ff8bcb40000 - 0x00007ff8bcb49000 	C:\Windows\SYSTEM32\WSOCK32.dll
0x00007ff8cf560000 - 0x00007ff8cf5cb000 	C:\Windows\System32\WS2_32.dll
0x00007ff8c89a0000 - 0x00007ff8c89c7000 	C:\Windows\SYSTEM32\WINMM.dll
0x00007ff8cab80000 - 0x00007ff8cab92000 	C:\Windows\SYSTEM32\kernel.appcore.dll
0x00007ff8c0810000 - 0x00007ff8c081a000 	C:\Program Files\Java\jdk-17.0.5\bin\jimage.dll
0x00007ff8c4c70000 - 0x00007ff8c4e54000 	C:\Windows\SYSTEM32\DBGHELP.DLL
0x00007ff8c1c00000 - 0x00007ff8c1c34000 	C:\Windows\SYSTEM32\dbgcore.DLL
0x00007ff8cd3d0000 - 0x00007ff8cd452000 	C:\Windows\System32\bcryptPrimitives.dll
0x00007ff8b4030000 - 0x00007ff8b403e000 	C:\Program Files\Java\jdk-17.0.5\bin\instrument.dll
0x00007ff8a5030000 - 0x00007ff8a5055000 	C:\Program Files\Java\jdk-17.0.5\bin\java.dll

dbghelp: loaded successfully - version: 4.0.5 - missing functions: none
symbol engine: initialized successfully - sym options: 0x614 - pdb path: .;C:\Program Files\Java\jdk-17.0.5\bin;C:\Windows\SYSTEM32;C:\Windows\WinSxS\amd64_microsoft.windows.common-controls_6595b64144ccf1df_6.0.19041.1110_none_60b5254171f9507e;C:\Program Files\Java\jdk-17.0.5\bin\server

VM Arguments:
jvm_args: -javaagent:C:\Program Files\JetBrains\IntelliJ IDEA Community Edition 2021.2.3\lib\idea_rt.jar=61889:C:\Program Files\JetBrains\IntelliJ IDEA Community Edition 2021.2.3\bin -Dfile.encoding=UTF-8 
java_command: io.github.pacatovisk.mscartoes.MscartoesApplication
java_class_path (initial): C:\Users\marce\IdeaProjects\mscartoes\mscartoes\target\classes;C:\Users\marce\.m2\repository\org\springframework\boot\spring-boot-starter-data-jpa\2.7.14\spring-boot-starter-data-jpa-2.7.14.jar;C:\Users\marce\.m2\repository\org\springframework\boot\spring-boot-starter-aop\2.7.14\spring-boot-starter-aop-2.7.14.jar;C:\Users\marce\.m2\repository\org\springframework\spring-aop\5.3.29\spring-aop-5.3.29.jar;C:\Users\marce\.m2\repository\org\aspectj\aspectjweaver\1.9.7\aspectjweaver-1.9.7.jar;C:\Users\marce\.m2\repository\org\springframework\boot\spring-boot-starter-jdbc\2.7.14\spring-boot-starter-jdbc-2.7.14.jar;C:\Users\marce\.m2\repository\com\zaxxer\HikariCP\4.0.3\HikariCP-4.0.3.jar;C:\Users\marce\.m2\repository\org\springframework\spring-jdbc\5.3.29\spring-jdbc-5.3.29.jar;C:\Users\marce\.m2\repository\jakarta\transaction\jakarta.transaction-api\1.3.3\jakarta.transaction-api-1.3.3.jar;C:\Users\marce\.m2\repository\jakarta\persistence\jakarta.persistence-api\2.2.3\jakarta.persistence-api-2.2.3.jar;C:\Users\marce\.m2\repository\org\hibernate\hibernate-core\5.6.15.Final\hibernate-core-5.6.15.Final.jar;C:\Users\marce\.m2\repository\org\jboss\logging\jboss-logging\3.4.3.Final\jboss-logging-3.4.3.Final.jar;C:\Users\marce\.m2\repository\net\bytebuddy\byte-buddy\1.12.23\byte-buddy-1.12.23.jar;C:\Users\marce\.m2\repository\antlr\antlr\2.7.7\antlr-2.7.7.jar;C:\Users\marce\.m2\repository\org\jboss\jandex\2.4.2.Final\jandex-2.4.2.Final.jar;C:\Users\marce\.m2\repository\com\fasterxml\classmate\1.5.1\classmate-1.5.1.jar;C:\Users\marce\.m2\repository\org\hibernate\common\hibernate-commons-annotations\5.1.2.Final\hibernate-commons-annotations-5.1.2.Final.jar;C:\Users\marce\.m2\repository\org\glassfish\jaxb\jaxb-runtime\2.3.8\jaxb-runtime-2.3.8.jar;C:\Users\marce\.m2\repository\org\glassfish\jaxb\txw2\2.3.8\txw2-2.3.8.jar;C:\Users\marce\.m2\repository\com\sun\istack\istack-commons-runtime\3.0.12\istack-commons-runtime-3.0.12.jar;C:\Users\marce\.m2\repositor
Launcher Type: SUN_STANDARD

[Global flags]
     intx CICompilerCount                          = 3                                         {product} {ergonomic}
     uint ConcGCThreads                            = 1                                         {product} {ergonomic}
     uint G1ConcRefinementThreads                  = 4                                         {product} {ergonomic}
   size_t G1HeapRegionSize                         = 1048576                                   {product} {ergonomic}
    uintx GCDrainStackTargetSize                   = 64                                        {product} {ergonomic}
   size_t InitialHeapSize                          = 100663296                                 {product} {ergonomic}
   size_t MarkStackSize                            = 4194304                                   {product} {ergonomic}
   size_t MaxHeapSize                              = 1593835520                                {product} {ergonomic}
   size_t MinHeapDeltaBytes                        = 1048576                                   {product} {ergonomic}
   size_t MinHeapSize                              = 8388608                                   {product} {ergonomic}
    uintx NonNMethodCodeHeapSize                   = 5832780                                {pd product} {ergonomic}
    uintx NonProfiledCodeHeapSize                  = 122912730                              {pd product} {ergonomic}
    uintx ProfiledCodeHeapSize                     = 122912730                              {pd product} {ergonomic}
    uintx ReservedCodeCacheSize                    = 251658240                              {pd product} {ergonomic}
     bool SegmentedCodeCache                       = true                                      {product} {ergonomic}
   size_t SoftMaxHeapSize                          = 1593835520                             {manageable} {ergonomic}
     bool UseCompressedClassPointers               = true                           {product lp64_product} {ergonomic}
     bool UseCompressedOops                        = true                           {product lp64_product} {ergonomic}
     bool UseG1GC                                  = true                                      {product} {ergonomic}
     bool UseLargePagesIndividualAllocation        = false                                  {pd product} {ergonomic}

Logging:
Log output configuration:
 #0: stdout all=warning uptime,level,tags
 #1: stderr all=off uptime,level,tags

Environment Variables:
PATH=C:\app\marce\product\18.0.0\dbhomeXE\bin;C:\Program Files\Common Files\Oracle\Java\javapath;C:\Windows\system32;C:\Windows;C:\Windows\System32\Wbem;C:\Windows\System32\WindowsPowerShell\v1.0\;C:\Windows\System32\OpenSSH\;C:\Program Files\heroku\client\bin;C:\Program Files\Git\cmd;C:\Program Files\Docker\Docker\resources\bin;C:\Program Files\nodejs\;C:\Program Files\MySQL\MySQL Shell 8.0\bin\;C:\Users\marce\AppData\Local\Microsoft\WindowsApps;C:\Users\marce\AppData\Local\Programs\Microsoft VS Code\bin;C:\Program Files\heroku\client\bin;C:\Users\marce\AppData\Roaming\npm
USERNAME=marce
OS=Windows_NT
PROCESSOR_IDENTIFIER=AMD64 Family 23 Model 24 Stepping 1, AuthenticAMD



---------------  S Y S T E M  ---------------

OS:
 Windows 10 , 64 bit Build 19041 (10.0.19041.3155)
OS uptime: 13 days 20:21 hours
Hyper-V role detected

CPU: total 4 (initial active 4) (4 cores per cpu, 2 threads per core) family 23 model 24 stepping 1 microcode 0x0, cx8, cmov, fxsr, ht, mmx, 3dnowpref, sse, sse2, sse3, ssse3, sse4a, sse4.1, sse4.2, popcnt, lzcnt, tsc, tscinvbit, avx, avx2, aes, clmul, bmi1, bmi2, adx, sha, fma, vzeroupper, clflush, clflushopt, hv

Memory: 4k page, system-wide physical 6075M (549M free)
TotalPageFile size 24507M (AvailPageFile size 91M)
current process WorkingSet (physical memory assigned to process): 10M, peak: 10M
current process commit charge ("private bytes"): 51M, peak: 147M

vm_info: Java HotSpot(TM) 64-Bit Server VM (17.0.5+9-LTS-191) for windows-amd64 JRE (17.0.5+9-LTS-191), built on Sep 13 2022 17:31:43 by "mach5one" with MS VC++ 16.8 / 16.9 (VS2019)

END.
