#
# There is insufficient memory for the Java Runtime Environment to continue.
# Native memory allocation (malloc) failed to allocate 1298544 bytes for Chunk::new
# Possible reasons:
#   The system is out of physical RAM or swap space
#   The process is running with CompressedOops enabled, and the Java Heap may be blocking the growth of the native heap
# Possible solutions:
#   Reduce memory load on the system
#   Increase physical memory or swap space
#   Check if swap backing store is full
#   Decrease Java heap size (-Xmx/-Xms)
#   Decrease number of Java threads
#   Decrease Java thread stack sizes (-Xss)
#   Set larger code cache with -XX:ReservedCodeCacheSize=
#   JVM is running with Unscaled Compressed Oops mode in which the Java heap is
#     placed in the first 4GB address space. The Java Heap base address is the
#     maximum limit for the native heap growth. Please use -XX:HeapBaseMinAddress
#     to set the Java Heap base and to place the Java Heap above 4GB virtual address.
# This output file may be truncated or incomplete.
#
#  Out of Memory Error (arena.cpp:189), pid=1984, tid=16784
#
# JRE version: Java(TM) SE Runtime Environment (17.0.5+9) (build 17.0.5+9-LTS-191)
# Java VM: Java HotSpot(TM) 64-Bit Server VM (17.0.5+9-LTS-191, mixed mode, sharing, tiered, compressed oops, compressed class ptrs, g1 gc, windows-amd64)
# No core dump will be written. Minidumps are not enabled by default on client versions of Windows
#

---------------  S U M M A R Y ------------

Command Line: -javaagent:C:\Program Files\JetBrains\IntelliJ IDEA Community Edition 2021.2.3\lib\idea_rt.jar=53647:C:\Program Files\JetBrains\IntelliJ IDEA Community Edition 2021.2.3\bin -Dfile.encoding=UTF-8 io.github.pacatovisk.mscartoes.MscartoesApplication

Host: AMD Athlon 3000G with Radeon Vega Graphics     , 4 cores, 5G,  Windows 10 , 64 bit Build 19041 (10.0.19041.3155)
Time: Sun Jul 30 19:21:36 2023 Hora oficial do Brasil elapsed time: 9.855372 seconds (0d 0h 0m 9s)

---------------  T H R E A D  ---------------

Current thread (0x0000011fa489efa0):  JavaThread "C2 CompilerThread0" daemon [_thread_in_native, id=16784, stack(0x00000010af700000,0x00000010af800000)]


Current CompileTask:
C2:   9855 3594       4       org.springframework.beans.factory.support.AbstractBeanFactory::isTypeMatch (607 bytes)

Stack: [0x00000010af700000,0x00000010af800000]
Native frames: (J=compiled Java code, j=interpreted, Vv=VM code, C=native code)
V  [jvm.dll+0x672eea]
V  [jvm.dll+0x7d2a04]
V  [jvm.dll+0x7d41ae]
V  [jvm.dll+0x7d4813]
V  [jvm.dll+0x242c15]
V  [jvm.dll+0xaa57b]
V  [jvm.dll+0xaab0c]
V  [jvm.dll+0x35ff97]
V  [jvm.dll+0x1b9902]
V  [jvm.dll+0x215e19]
V  [jvm.dll+0x2150e1]
V  [jvm.dll+0x1a18ed]
V  [jvm.dll+0x22493a]
V  [jvm.dll+0x222aa5]
V  [jvm.dll+0x7885db]
V  [jvm.dll+0x782b4a]
V  [jvm.dll+0x671d75]
C  [ucrtbase.dll+0x21bb2]
C  [KERNEL32.DLL+0x17614]
C  [ntdll.dll+0x526b1]


---------------  P R O C E S S  ---------------

Threads class SMR info:
_java_thread_list=0x0000011fa68ddec0, length=15, elements={
0x0000011f8832d590, 0x0000011fa48863c0, 0x0000011fa4889960, 0x0000011fa489a8b0,
0x0000011fa489d180, 0x0000011fa489da40, 0x0000011fa489e300, 0x0000011fa489efa0,
0x0000011fa48a1960, 0x0000011fa491f2d0, 0x0000011fa5466ff0, 0x0000011fa56391a0,
0x0000011fa5878520, 0x0000011fa5df8280, 0x0000011fa62138f0
}

Java Threads: ( => current thread )
  0x0000011f8832d590 JavaThread "main" [_thread_blocked, id=18360, stack(0x00000010aea00000,0x00000010aeb00000)]
  0x0000011fa48863c0 JavaThread "Reference Handler" daemon [_thread_blocked, id=9644, stack(0x00000010af100000,0x00000010af200000)]
  0x0000011fa4889960 JavaThread "Finalizer" daemon [_thread_blocked, id=15900, stack(0x00000010af200000,0x00000010af300000)]
  0x0000011fa489a8b0 JavaThread "Signal Dispatcher" daemon [_thread_blocked, id=6916, stack(0x00000010af300000,0x00000010af400000)]
  0x0000011fa489d180 JavaThread "Attach Listener" daemon [_thread_blocked, id=2536, stack(0x00000010af400000,0x00000010af500000)]
  0x0000011fa489da40 JavaThread "Service Thread" daemon [_thread_blocked, id=1104, stack(0x00000010af500000,0x00000010af600000)]
  0x0000011fa489e300 JavaThread "Monitor Deflation Thread" daemon [_thread_blocked, id=14300, stack(0x00000010af600000,0x00000010af700000)]
=>0x0000011fa489efa0 JavaThread "C2 CompilerThread0" daemon [_thread_in_native, id=16784, stack(0x00000010af700000,0x00000010af800000)]
  0x0000011fa48a1960 JavaThread "C1 CompilerThread0" daemon [_thread_blocked, id=19084, stack(0x00000010af800000,0x00000010af900000)]
  0x0000011fa491f2d0 JavaThread "Sweeper thread" daemon [_thread_blocked, id=1820, stack(0x00000010af900000,0x00000010afa00000)]
  0x0000011fa5466ff0 JavaThread "Common-Cleaner" daemon [_thread_blocked, id=19412, stack(0x00000010afa00000,0x00000010afb00000)]
  0x0000011fa56391a0 JavaThread "Monitor Ctrl-Break" daemon [_thread_in_native, id=11060, stack(0x00000010afb00000,0x00000010afc00000)]
  0x0000011fa5878520 JavaThread "Notification Thread" daemon [_thread_blocked, id=17744, stack(0x00000010afc00000,0x00000010afd00000)]
  0x0000011fa5df8280 JavaThread "Thread-0" [_thread_blocked, id=18764, stack(0x00000010b0100000,0x00000010b0200000)]
  0x0000011fa62138f0 JavaThread "restartedMain" [_thread_in_vm, id=18880, stack(0x00000010b0200000,0x00000010b0300000)]

Other Threads:
  0x0000011fa4880ff0 VMThread "VM Thread" [stack: 0x00000010af000000,0x00000010af100000] [id=19348]
  0x0000011fa56ad1e0 WatcherThread [stack: 0x00000010afd00000,0x00000010afe00000] [id=3428]
  0x0000011f8837a290 GCTaskThread "GC Thread#0" [stack: 0x00000010aeb00000,0x00000010aec00000] [id=2028]
  0x0000011fa5a36330 GCTaskThread "GC Thread#1" [stack: 0x00000010afe00000,0x00000010aff00000] [id=17268]
  0x0000011fa5c37ba0 GCTaskThread "GC Thread#2" [stack: 0x00000010aff00000,0x00000010b0000000] [id=15924]
  0x0000011fa5c37e50 GCTaskThread "GC Thread#3" [stack: 0x00000010b0000000,0x00000010b0100000] [id=11628]
  0x0000011f88387ef0 ConcurrentGCThread "G1 Main Marker" [stack: 0x00000010aec00000,0x00000010aed00000] [id=13568]
  0x0000011f88388810 ConcurrentGCThread "G1 Conc#0" [stack: 0x00000010aed00000,0x00000010aee00000] [id=6276]
  0x0000011f883ed440 ConcurrentGCThread "G1 Refine#0" [stack: 0x00000010aee00000,0x00000010aef00000] [id=17740]
  0x0000011f883edd70 ConcurrentGCThread "G1 Service" [stack: 0x00000010aef00000,0x00000010af000000] [id=18464]

Threads with active compile tasks:
C2 CompilerThread0     9891 3594       4       org.springframework.beans.factory.support.AbstractBeanFactory::isTypeMatch (607 bytes)

VM state: not at safepoint (normal execution)

VM Mutex/Monitor currently owned by a thread: None

Heap address: 0x00000000a1000000, size: 1520 MB, Compressed Oops mode: 32-bit

CDS archive(s) mapped at: [0x0000000800000000-0x0000000800bd0000-0x0000000800bd0000), size 12386304, SharedBaseAddress: 0x0000000800000000, ArchiveRelocationMode: 0.
Compressed class space mapped at: 0x0000000800c00000-0x0000000840c00000, reserved size: 1073741824
Narrow klass base: 0x0000000800000000, Narrow klass shift: 0, Narrow klass range: 0x100000000

GC Precious Log:
 CPUs: 4 total, 4 available
 Memory: 6075M
 Large Page Support: Disabled
 NUMA Support: Disabled
 Compressed Oops: Enabled (32-bit)
 Heap Region Size: 1M
 Heap Min Capacity: 8M
 Heap Initial Capacity: 96M
 Heap Max Capacity: 1520M
 Pre-touch: Disabled
 Parallel Workers: 4
 Concurrent Workers: 1
 Concurrent Refinement Workers: 4
 Periodic GC: Disabled

Heap:
 garbage-first heap   total 55296K, used 22445K [0x00000000a1000000, 0x0000000100000000)
  region size 1024K, 11 young (11264K), 4 survivors (4096K)
 Metaspace       used 26858K, committed 27072K, reserved 1073152K
  class space    used 3487K, committed 3584K, reserved 1048576K

Heap Regions: E=young(eden), S=young(survivor), O=old, HS=humongous(starts), HC=humongous(continues), CS=collection set, F=free, OA=open archive, CA=closed archive, TAMS=top-at-mark-start (previous, next)
|   0|0x00000000a1000000, 0x00000000a1100000, 0x00000000a1100000|100%|HS|  |TAMS 0x00000000a1100000, 0x00000000a1000000| Complete 
|   1|0x00000000a1100000, 0x00000000a1200000, 0x00000000a1200000|100%| O|  |TAMS 0x00000000a1100000, 0x00000000a1100000| Untracked 
|   2|0x00000000a1200000, 0x00000000a1300000, 0x00000000a1300000|100%| O|  |TAMS 0x00000000a1300000, 0x00000000a1200000| Untracked 
|   3|0x00000000a1300000, 0x00000000a1400000, 0x00000000a1400000|100%| O|  |TAMS 0x00000000a1400000, 0x00000000a1300000| Untracked 
|   4|0x00000000a1400000, 0x00000000a1500000, 0x00000000a1500000|100%| O|  |TAMS 0x00000000a1500000, 0x00000000a1400000| Untracked 
|   5|0x00000000a1500000, 0x00000000a1600000, 0x00000000a1600000|100%| O|  |TAMS 0x00000000a1600000, 0x00000000a1500000| Untracked 
|   6|0x00000000a1600000, 0x00000000a1700000, 0x00000000a1700000|100%| O|  |TAMS 0x00000000a1700000, 0x00000000a1600000| Untracked 
|   7|0x00000000a1700000, 0x00000000a1800000, 0x00000000a1800000|100%| O|  |TAMS 0x00000000a1800000, 0x00000000a1700000| Untracked 
|   8|0x00000000a1800000, 0x00000000a1900000, 0x00000000a1900000|100%| O|  |TAMS 0x00000000a18a9400, 0x00000000a1800000| Untracked 
|   9|0x00000000a1900000, 0x00000000a19c1600, 0x00000000a1a00000| 75%| O|  |TAMS 0x00000000a1900000, 0x00000000a1900000| Untracked 
|  10|0x00000000a1a00000, 0x00000000a1b00000, 0x00000000a1b00000|100%| O|  |TAMS 0x00000000a1a00000, 0x00000000a1a00000| Untracked 
|  11|0x00000000a1b00000, 0x00000000a1c00000, 0x00000000a1c00000|100%| O|  |TAMS 0x00000000a1b00000, 0x00000000a1b00000| Untracked 
|  12|0x00000000a1c00000, 0x00000000a1cc7400, 0x00000000a1d00000| 77%| O|  |TAMS 0x00000000a1c00000, 0x00000000a1c00000| Untracked 
|  13|0x00000000a1d00000, 0x00000000a1d00000, 0x00000000a1e00000|  0%| F|  |TAMS 0x00000000a1d00000, 0x00000000a1d00000| Untracked 
|  14|0x00000000a1e00000, 0x00000000a1e00000, 0x00000000a1f00000|  0%| F|  |TAMS 0x00000000a1e00000, 0x00000000a1e00000| Untracked 
|  15|0x00000000a1f00000, 0x00000000a1f00000, 0x00000000a2000000|  0%| F|  |TAMS 0x00000000a1f00000, 0x00000000a1f00000| Untracked 
|  16|0x00000000a2000000, 0x00000000a2000000, 0x00000000a2100000|  0%| F|  |TAMS 0x00000000a2000000, 0x00000000a2000000| Untracked 
|  17|0x00000000a2100000, 0x00000000a2100000, 0x00000000a2200000|  0%| F|  |TAMS 0x00000000a2100000, 0x00000000a2100000| Untracked 
|  18|0x00000000a2200000, 0x00000000a2262ba0, 0x00000000a2300000| 38%| S|CS|TAMS 0x00000000a2200000, 0x00000000a2200000| Complete 
|  19|0x00000000a2300000, 0x00000000a2400000, 0x00000000a2400000|100%| S|CS|TAMS 0x00000000a2300000, 0x00000000a2300000| Complete 
|  20|0x00000000a2400000, 0x00000000a2500000, 0x00000000a2500000|100%| S|CS|TAMS 0x00000000a2400000, 0x00000000a2400000| Complete 
|  21|0x00000000a2500000, 0x00000000a2600000, 0x00000000a2600000|100%| S|CS|TAMS 0x00000000a2500000, 0x00000000a2500000| Complete 
|  22|0x00000000a2600000, 0x00000000a2600000, 0x00000000a2700000|  0%| F|  |TAMS 0x00000000a2600000, 0x00000000a2600000| Untracked 
|  23|0x00000000a2700000, 0x00000000a2700000, 0x00000000a2800000|  0%| F|  |TAMS 0x00000000a2700000, 0x00000000a2700000| Untracked 
|  24|0x00000000a2800000, 0x00000000a2800000, 0x00000000a2900000|  0%| F|  |TAMS 0x00000000a2800000, 0x00000000a2800000| Untracked 
|  25|0x00000000a2900000, 0x00000000a2900000, 0x00000000a2a00000|  0%| F|  |TAMS 0x00000000a2900000, 0x00000000a2900000| Untracked 
|  26|0x00000000a2a00000, 0x00000000a2a00000, 0x00000000a2b00000|  0%| F|  |TAMS 0x00000000a2a00000, 0x00000000a2a00000| Untracked 
|  27|0x00000000a2b00000, 0x00000000a2b00000, 0x00000000a2c00000|  0%| F|  |TAMS 0x00000000a2b00000, 0x00000000a2b00000| Untracked 
|  28|0x00000000a2c00000, 0x00000000a2c00000, 0x00000000a2d00000|  0%| F|  |TAMS 0x00000000a2c00000, 0x00000000a2c00000| Untracked 
|  29|0x00000000a2d00000, 0x00000000a2d00000, 0x00000000a2e00000|  0%| F|  |TAMS 0x00000000a2d00000, 0x00000000a2d00000| Untracked 
|  30|0x00000000a2e00000, 0x00000000a2e00000, 0x00000000a2f00000|  0%| F|  |TAMS 0x00000000a2e00000, 0x00000000a2e00000| Untracked 
|  31|0x00000000a2f00000, 0x00000000a2f00000, 0x00000000a3000000|  0%| F|  |TAMS 0x00000000a2f00000, 0x00000000a2f00000| Untracked 
|  32|0x00000000a3000000, 0x00000000a3000000, 0x00000000a3100000|  0%| F|  |TAMS 0x00000000a3000000, 0x00000000a3000000| Untracked 
|  33|0x00000000a3100000, 0x00000000a3100000, 0x00000000a3200000|  0%| F|  |TAMS 0x00000000a3100000, 0x00000000a3100000| Untracked 
|  34|0x00000000a3200000, 0x00000000a3200000, 0x00000000a3300000|  0%| F|  |TAMS 0x00000000a3200000, 0x00000000a3200000| Untracked 
|  35|0x00000000a3300000, 0x00000000a3300000, 0x00000000a3400000|  0%| F|  |TAMS 0x00000000a3300000, 0x00000000a3300000| Untracked 
|  36|0x00000000a3400000, 0x00000000a3400000, 0x00000000a3500000|  0%| F|  |TAMS 0x00000000a3400000, 0x00000000a3400000| Untracked 
|  37|0x00000000a3500000, 0x00000000a3500000, 0x00000000a3600000|  0%| F|  |TAMS 0x00000000a3500000, 0x00000000a3500000| Untracked 
|  38|0x00000000a3600000, 0x00000000a3600000, 0x00000000a3700000|  0%| F|  |TAMS 0x00000000a3600000, 0x00000000a3600000| Untracked 
|  39|0x00000000a3700000, 0x00000000a3700000, 0x00000000a3800000|  0%| F|  |TAMS 0x00000000a3700000, 0x00000000a3700000| Untracked 
|  40|0x00000000a3800000, 0x00000000a3800000, 0x00000000a3900000|  0%| F|  |TAMS 0x00000000a3800000, 0x00000000a3800000| Untracked 
|  41|0x00000000a3900000, 0x00000000a3900000, 0x00000000a3a00000|  0%| F|  |TAMS 0x00000000a3900000, 0x00000000a3900000| Untracked 
|  42|0x00000000a3a00000, 0x00000000a3a00000, 0x00000000a3b00000|  0%| F|  |TAMS 0x00000000a3a00000, 0x00000000a3a00000| Untracked 
|  43|0x00000000a3b00000, 0x00000000a3b00000, 0x00000000a3c00000|  0%| F|  |TAMS 0x00000000a3b00000, 0x00000000a3b00000| Untracked 
|  44|0x00000000a3c00000, 0x00000000a3c00000, 0x00000000a3d00000|  0%| F|  |TAMS 0x00000000a3c00000, 0x00000000a3c00000| Untracked 
|  45|0x00000000a3d00000, 0x00000000a3d00000, 0x00000000a3e00000|  0%| F|  |TAMS 0x00000000a3d00000, 0x00000000a3d00000| Untracked 
|  46|0x00000000a3e00000, 0x00000000a3e00000, 0x00000000a3f00000|  0%| F|  |TAMS 0x00000000a3e00000, 0x00000000a3e00000| Untracked 
|  47|0x00000000a3f00000, 0x00000000a3fb0f18, 0x00000000a4000000| 69%| E|  |TAMS 0x00000000a3f00000, 0x00000000a3f00000| Complete 
|  76|0x00000000a5c00000, 0x00000000a5d00000, 0x00000000a5d00000|100%| E|CS|TAMS 0x00000000a5c00000, 0x00000000a5c00000| Complete 
|  77|0x00000000a5d00000, 0x00000000a5e00000, 0x00000000a5e00000|100%| E|CS|TAMS 0x00000000a5d00000, 0x00000000a5d00000| Complete 
|  78|0x00000000a5e00000, 0x00000000a5f00000, 0x00000000a5f00000|100%| E|CS|TAMS 0x00000000a5e00000, 0x00000000a5e00000| Complete 
|  79|0x00000000a5f00000, 0x00000000a6000000, 0x00000000a6000000|100%| E|CS|TAMS 0x00000000a5f00000, 0x00000000a5f00000| Complete 
|  80|0x00000000a6000000, 0x00000000a6100000, 0x00000000a6100000|100%| E|CS|TAMS 0x00000000a6000000, 0x00000000a6000000| Complete 
|  95|0x00000000a6f00000, 0x00000000a7000000, 0x00000000a7000000|100%| E|CS|TAMS 0x00000000a6f00000, 0x00000000a6f00000| Complete 

Card table byte_map: [0x0000011f9eea0000,0x0000011f9f1a0000] _byte_map_base: 0x0000011f9e998000

Marking Bits (Prev, Next): (CMBitMap*) 0x0000011f8837b800, (CMBitMap*) 0x0000011f8837b7c0
 Prev Bits: [0x0000011fa0c60000, 0x0000011fa2420000)
 Next Bits: [0x0000011f9f4a0000, 0x0000011fa0c60000)

Polling page: 0x0000011f862d0000

Metaspace:

Usage:
  Non-class:     22.83 MB used.
      Class:      3.41 MB used.
       Both:     26.24 MB used.

Virtual space:
  Non-class space:       24.00 MB reserved,      22.94 MB ( 96%) committed,  3 nodes.
      Class space:        1.00 GB reserved,       3.50 MB ( <1%) committed,  1 nodes.
             Both:        1.02 GB reserved,      26.44 MB (  3%) committed. 

Chunk freelists:
   Non-Class:  576.00 KB
       Class:  326.00 KB
        Both:  902.00 KB

MaxMetaspaceSize: unlimited
CompressedClassSpaceSize: 1.00 GB
Initial GC threshold: 21.00 MB
Current GC threshold: 35.12 MB
CDS: on
MetaspaceReclaimPolicy: balanced
 - commit_granule_bytes: 65536.
 - commit_granule_words: 8192.
 - virtual_space_node_default_size: 1048576.
 - enlarge_chunks_in_place: 1.
 - new_chunks_are_fully_committed: 0.
 - uncommit_free_chunks: 1.
 - use_allocation_guard: 0.
 - handle_deallocations: 1.


Internal statistics:

num_allocs_failed_limit: 3.
num_arena_births: 252.
num_arena_deaths: 0.
num_vsnodes_births: 4.
num_vsnodes_deaths: 0.
num_space_committed: 423.
num_space_uncommitted: 0.
num_chunks_returned_to_freelist: 3.
num_chunks_taken_from_freelist: 1196.
num_chunk_merges: 0.
num_chunk_splits: 818.
num_chunks_enlarged: 640.
num_purges: 0.
num_inconsistent_stats: 0.

CodeHeap 'non-profiled nmethods': size=120000Kb used=1723Kb max_used=1723Kb free=118276Kb
 bounds [0x0000011f97670000, 0x0000011f978e0000, 0x0000011f9eba0000]
CodeHeap 'profiled nmethods': size=120000Kb used=8386Kb max_used=8386Kb free=111613Kb
 bounds [0x0000011f90140000, 0x0000011f90980000, 0x0000011f97670000]
CodeHeap 'non-nmethods': size=5760Kb used=1190Kb max_used=1237Kb free=4569Kb
 bounds [0x0000011f8fba0000, 0x0000011f8fe10000, 0x0000011f90140000]
 total_blobs=4154 nmethods=3669 adapters=397
 compilation: enabled
              stopped_count=0, restarted_count=0
 full_count=0

Compilation events (20 events):
Event: 9.824 Thread 0x0000011fa48a1960 3663       3       org.springframework.core.MethodParameter::<init> (30 bytes)
Event: 9.825 Thread 0x0000011fa48a1960 nmethod 3663 0x0000011f90963090 code [0x0000011f90963300, 0x0000011f90963ff8]
Event: 9.827 Thread 0x0000011fa48a1960 3664       3       org.springframework.transaction.interceptor.BeanFactoryTransactionAttributeSourceAdvisor$1::getTransactionAttributeSource (8 bytes)
Event: 9.828 Thread 0x0000011fa48a1960 nmethod 3664 0x0000011f90964490 code [0x0000011f90964620, 0x0000011f90964758]
Event: 9.829 Thread 0x0000011fa48a1960 3665   !   3       org.springframework.beans.factory.support.FactoryBeanRegistrySupport::getTypeForFactoryBean (50 bytes)
Event: 9.830 Thread 0x0000011fa48a1960 nmethod 3665 0x0000011f90964810 code [0x0000011f90964a40, 0x0000011f90965218]
Event: 9.834 Thread 0x0000011fa48a1960 3666       3       org.springframework.beans.factory.annotation.InitDestroyAnnotationBeanPostProcessor::lambda$buildLifecycleMetadata$0 (181 bytes)
Event: 9.836 Thread 0x0000011fa48a1960 nmethod 3666 0x0000011f90965510 code [0x0000011f90965a80, 0x0000011f909683b8]
Event: 9.836 Thread 0x0000011fa48a1960 3670   !   2       java.util.concurrent.ConcurrentHashMap::putVal (432 bytes)
Event: 9.838 Thread 0x0000011fa48a1960 nmethod 3670 0x0000011f90969110 code [0x0000011f909693c0, 0x0000011f9096a2e8]
Event: 9.838 Thread 0x0000011fa48a1960 3667       3       org.springframework.beans.factory.annotation.AutowiredAnnotationBeanPostProcessor::lambda$buildAutowiringMetadata$2 (176 bytes)
Event: 9.840 Thread 0x0000011fa48a1960 nmethod 3667 0x0000011f9096ab90 code [0x0000011f9096afe0, 0x0000011f9096ce28]
Event: 9.840 Thread 0x0000011fa48a1960 3668       3       org.springframework.util.ReflectionUtils$$Lambda$534/0x0000000800f8c000::doWith (11 bytes)
Event: 9.840 Thread 0x0000011fa48a1960 nmethod 3668 0x0000011f9096d790 code [0x0000011f9096d940, 0x0000011f9096db08]
Event: 9.840 Thread 0x0000011fa48a1960 3669       1       org.springframework.transaction.annotation.AnnotationTransactionAttributeSource::allowPublicMethodsOnly (5 bytes)
Event: 9.840 Thread 0x0000011fa48a1960 nmethod 3669 0x0000011f9781e390 code [0x0000011f9781e520, 0x0000011f9781e5f8]
Event: 9.844 Thread 0x0000011fa48a1960 3671       3       jdk.internal.reflect.ReflectionFactory::copyField (11 bytes)
Event: 9.844 Thread 0x0000011fa48a1960 nmethod 3671 0x0000011f9096dc10 code [0x0000011f9096ddc0, 0x0000011f9096dfa8]
Event: 9.844 Thread 0x0000011fa48a1960 3672       3       java.lang.reflect.ReflectAccess::copyField (5 bytes)
Event: 9.844 Thread 0x0000011fa48a1960 nmethod 3672 0x0000011f9096e110 code [0x0000011f9096e2c0, 0x0000011f9096e408]

GC Heap History (12 events):
Event: 1.138 GC heap before
{Heap before GC invocations=0 (full 0):
 garbage-first heap   total 98304K, used 14336K [0x00000000a1000000, 0x0000000100000000)
  region size 1024K, 13 young (13312K), 0 survivors (0K)
 Metaspace       used 2396K, committed 2496K, reserved 1056768K
  class space    used 212K, committed 256K, reserved 1048576K
}
Event: 1.152 GC heap after
{Heap after GC invocations=1 (full 0):
 garbage-first heap   total 98304K, used 7714K [0x00000000a1000000, 0x0000000100000000)
  region size 1024K, 2 young (2048K), 2 survivors (2048K)
 Metaspace       used 2396K, committed 2496K, reserved 1056768K
  class space    used 212K, committed 256K, reserved 1048576K
}
Event: 1.969 GC heap before
{Heap before GC invocations=1 (full 0):
 garbage-first heap   total 98304K, used 17954K [0x00000000a1000000, 0x0000000100000000)
  region size 1024K, 12 young (12288K), 2 survivors (2048K)
 Metaspace       used 4634K, committed 4800K, reserved 1056768K
  class space    used 491K, committed 576K, reserved 1048576K
}
Event: 1.974 GC heap after
{Heap after GC invocations=2 (full 0):
 garbage-first heap   total 98304K, used 9716K [0x00000000a1000000, 0x0000000100000000)
  region size 1024K, 1 young (1024K), 1 survivors (1024K)
 Metaspace       used 4634K, committed 4800K, reserved 1056768K
  class space    used 491K, committed 576K, reserved 1048576K
}
Event: 3.788 GC heap before
{Heap before GC invocations=2 (full 0):
 garbage-first heap   total 98304K, used 32244K [0x00000000a1000000, 0x0000000100000000)
  region size 1024K, 23 young (23552K), 1 survivors (1024K)
 Metaspace       used 9290K, committed 9472K, reserved 1064960K
  class space    used 1126K, committed 1216K, reserved 1048576K
}
Event: 3.794 GC heap after
{Heap after GC invocations=3 (full 0):
 garbage-first heap   total 98304K, used 10174K [0x00000000a1000000, 0x0000000100000000)
  region size 1024K, 3 young (3072K), 3 survivors (3072K)
 Metaspace       used 9290K, committed 9472K, reserved 1064960K
  class space    used 1126K, committed 1216K, reserved 1048576K
}
Event: 5.999 GC heap before
{Heap before GC invocations=3 (full 0):
 garbage-first heap   total 98304K, used 65470K [0x00000000a1000000, 0x0000000100000000)
  region size 1024K, 57 young (58368K), 3 survivors (3072K)
 Metaspace       used 19055K, committed 19328K, reserved 1073152K
  class space    used 2291K, committed 2432K, reserved 1048576K
}
Event: 6.008 GC heap after
{Heap after GC invocations=4 (full 0):
 garbage-first heap   total 98304K, used 13512K [0x00000000a1000000, 0x0000000100000000)
  region size 1024K, 6 young (6144K), 6 survivors (6144K)
 Metaspace       used 19055K, committed 19328K, reserved 1073152K
  class space    used 2291K, committed 2432K, reserved 1048576K
}
Event: 6.714 GC heap before
{Heap before GC invocations=4 (full 0):
 garbage-first heap   total 98304K, used 27848K [0x00000000a1000000, 0x0000000100000000)
  region size 1024K, 21 young (21504K), 6 survivors (6144K)
 Metaspace       used 21224K, committed 21504K, reserved 1073152K
  class space    used 2596K, committed 2752K, reserved 1048576K
}
Event: 6.721 GC heap after
{Heap after GC invocations=5 (full 0):
 garbage-first heap   total 98304K, used 14311K [0x00000000a1000000, 0x0000000100000000)
  region size 1024K, 5 young (5120K), 5 survivors (5120K)
 Metaspace       used 21224K, committed 21504K, reserved 1073152K
  class space    used 2596K, committed 2752K, reserved 1048576K
}
Event: 9.151 GC heap before
{Heap before GC invocations=6 (full 0):
 garbage-first heap   total 55296K, used 41959K [0x00000000a1000000, 0x0000000100000000)
  region size 1024K, 32 young (32768K), 5 survivors (5120K)
 Metaspace       used 25713K, committed 26048K, reserved 1073152K
  class space    used 3307K, committed 3456K, reserved 1048576K
}
Event: 9.164 GC heap after
{Heap after GC invocations=7 (full 0):
 garbage-first heap   total 55296K, used 16301K [0x00000000a1000000, 0x0000000100000000)
  region size 1024K, 4 young (4096K), 4 survivors (4096K)
 Metaspace       used 25713K, committed 26048K, reserved 1073152K
  class space    used 3307K, committed 3456K, reserved 1048576K
}

Deoptimization events (20 events):
Event: 9.416 Thread 0x0000011fa62138f0 DEOPT PACKING pc=0x0000011f97815f34 sp=0x00000010b02fc790
Event: 9.416 Thread 0x0000011fa62138f0 DEOPT UNPACKING pc=0x0000011f8fbf23a3 sp=0x00000010b02fc6b8 mode 2
Event: 9.547 Thread 0x0000011fa62138f0 Uncommon trap: trap_request=0xffffffde fr.pc=0x0000011f97742ef8 relative=0x00000000000010b8
Event: 9.547 Thread 0x0000011fa62138f0 Uncommon trap: reason=class_check action=maybe_recompile pc=0x0000011f97742ef8 method=java.util.concurrent.ConcurrentHashMap.putVal(Ljava/lang/Object;Ljava/lang/Object;Z)Ljava/lang/Object; @ 242 c2
Event: 9.547 Thread 0x0000011fa62138f0 DEOPT PACKING pc=0x0000011f97742ef8 sp=0x00000010b02fcae0
Event: 9.547 Thread 0x0000011fa62138f0 DEOPT UNPACKING pc=0x0000011f8fbf23a3 sp=0x00000010b02fca50 mode 2
Event: 9.567 Thread 0x0000011fa62138f0 DEOPT PACKING pc=0x0000011f9092de38 sp=0x00000010b02fac90
Event: 9.567 Thread 0x0000011fa62138f0 DEOPT UNPACKING pc=0x0000011f8fbf2b43 sp=0x00000010b02fa1b0 mode 0
Event: 9.600 Thread 0x0000011fa62138f0 Uncommon trap: trap_request=0xffffffde fr.pc=0x0000011f97742ef8 relative=0x00000000000010b8
Event: 9.600 Thread 0x0000011fa62138f0 Uncommon trap: reason=class_check action=maybe_recompile pc=0x0000011f97742ef8 method=java.util.concurrent.ConcurrentHashMap.putVal(Ljava/lang/Object;Ljava/lang/Object;Z)Ljava/lang/Object; @ 242 c2
Event: 9.600 Thread 0x0000011fa62138f0 DEOPT PACKING pc=0x0000011f97742ef8 sp=0x00000010b02fb520
Event: 9.601 Thread 0x0000011fa62138f0 DEOPT UNPACKING pc=0x0000011f8fbf23a3 sp=0x00000010b02fb490 mode 2
Event: 9.816 Thread 0x0000011fa62138f0 Uncommon trap: trap_request=0xffffffde fr.pc=0x0000011f97742ef8 relative=0x00000000000010b8
Event: 9.816 Thread 0x0000011fa62138f0 Uncommon trap: reason=class_check action=maybe_recompile pc=0x0000011f97742ef8 method=java.util.concurrent.ConcurrentHashMap.putVal(Ljava/lang/Object;Ljava/lang/Object;Z)Ljava/lang/Object; @ 242 c2
Event: 9.817 Thread 0x0000011fa62138f0 DEOPT PACKING pc=0x0000011f97742ef8 sp=0x00000010b02fcae0
Event: 9.817 Thread 0x0000011fa62138f0 DEOPT UNPACKING pc=0x0000011f8fbf23a3 sp=0x00000010b02fca50 mode 2
Event: 9.826 Thread 0x0000011fa62138f0 Uncommon trap: trap_request=0xffffffde fr.pc=0x0000011f97742ef8 relative=0x00000000000010b8
Event: 9.826 Thread 0x0000011fa62138f0 Uncommon trap: reason=class_check action=maybe_recompile pc=0x0000011f97742ef8 method=java.util.concurrent.ConcurrentHashMap.putVal(Ljava/lang/Object;Ljava/lang/Object;Z)Ljava/lang/Object; @ 242 c2
Event: 9.826 Thread 0x0000011fa62138f0 DEOPT PACKING pc=0x0000011f97742ef8 sp=0x00000010b02fcae0
Event: 9.826 Thread 0x0000011fa62138f0 DEOPT UNPACKING pc=0x0000011f8fbf23a3 sp=0x00000010b02fca50 mode 2

Classes unloaded (0 events):
No events

Classes redefined (0 events):
No events

Internal exceptions (20 events):
Event: 8.802 Thread 0x0000011fa62138f0 Exception <a 'java/lang/ClassNotFoundException'{0x00000000a2981c70}: org/springframework/aop/framework/autoproxy/AbstractAdvisorAutoProxyCreatorCustomizer> (0x00000000a2981c70) 
thrown [s\open\src\hotspot\share\classfile\systemDictionary.cpp, line 256]
Event: 8.806 Thread 0x0000011fa62138f0 Exception <a 'java/lang/ClassNotFoundException'{0x00000000a298b188}: org/springframework/aop/aspectj/autoproxy/AspectJAwareAdvisorAutoProxyCreatorCustomizer> (0x00000000a298b188) 
thrown [s\open\src\hotspot\share\classfile\systemDictionary.cpp, line 256]
Event: 8.807 Thread 0x0000011fa62138f0 Exception <a 'java/lang/ClassNotFoundException'{0x00000000a2992e30}: org/springframework/aop/aspectj/annotation/AnnotationAwareAspectJAutoProxyCreatorCustomizer> (0x00000000a2992e30) 
thrown [s\open\src\hotspot\share\classfile\systemDictionary.cpp, line 256]
Event: 8.810 Thread 0x0000011fa62138f0 Exception <a 'java/lang/ClassNotFoundException'{0x00000000a29ac140}: org/springframework/beans/factory/config/SmartInstantiationAwareBeanPostProcessorCustomizer> (0x00000000a29ac140) 
thrown [s\open\src\hotspot\share\classfile\systemDictionary.cpp, line 256]
Event: 8.811 Thread 0x0000011fa62138f0 Exception <a 'java/lang/ClassNotFoundException'{0x00000000a29b5338}: org/springframework/beans/factory/config/InstantiationAwareBeanPostProcessorCustomizer> (0x00000000a29b5338) 
thrown [s\open\src\hotspot\share\classfile\systemDictionary.cpp, line 256]
Event: 8.811 Thread 0x0000011fa62138f0 Exception <a 'java/lang/ClassNotFoundException'{0x00000000a29bdcb8}: org/springframework/beans/factory/config/BeanPostProcessorCustomizer> (0x00000000a29bdcb8) 
thrown [s\open\src\hotspot\share\classfile\systemDictionary.cpp, line 256]
Event: 8.811 Thread 0x0000011fa62138f0 Exception <a 'java/lang/ClassNotFoundException'{0x00000000a29c3ff0}: org/springframework/beans/factory/BeanFactoryAwareCustomizer> (0x00000000a29c3ff0) 
thrown [s\open\src\hotspot\share\classfile\systemDictionary.cpp, line 256]
Event: 8.812 Thread 0x0000011fa62138f0 Exception <a 'java/lang/ClassNotFoundException'{0x00000000a29ca168}: org/springframework/beans/factory/AwareCustomizer> (0x00000000a29ca168) 
thrown [s\open\src\hotspot\share\classfile\systemDictionary.cpp, line 256]
Event: 8.812 Thread 0x0000011fa62138f0 Exception <a 'java/lang/ClassNotFoundException'{0x00000000a29ce718}: org/springframework/core/OrderedCustomizer> (0x00000000a29ce718) 
thrown [s\open\src\hotspot\share\classfile\systemDictionary.cpp, line 256]
Event: 8.813 Thread 0x0000011fa62138f0 Exception <a 'java/lang/ClassNotFoundException'{0x00000000a29d3eb8}: org/springframework/beans/factory/BeanClassLoaderAwareCustomizer> (0x00000000a29d3eb8) 
thrown [s\open\src\hotspot\share\classfile\systemDictionary.cpp, line 256]
Event: 8.813 Thread 0x0000011fa62138f0 Exception <a 'java/lang/ClassNotFoundException'{0x00000000a29d9570}: org/springframework/beans/factory/AwareCustomizer> (0x00000000a29d9570) 
thrown [s\open\src\hotspot\share\classfile\systemDictionary.cpp, line 256]
Event: 8.813 Thread 0x0000011fa62138f0 Exception <a 'java/lang/ClassNotFoundException'{0x00000000a29de1e8}: org/springframework/aop/framework/AopInfrastructureBeanCustomizer> (0x00000000a29de1e8) 
thrown [s\open\src\hotspot\share\classfile\systemDictionary.cpp, line 256]
Event: 9.042 Thread 0x0000011fa62138f0 Exception <a 'java/lang/ClassNotFoundException'{0x00000000a276da98}: java/lang/ObjectCustomizer> (0x00000000a276da98) 
thrown [s\open\src\hotspot\share\classfile\systemDictionary.cpp, line 256]
Event: 9.045 Thread 0x0000011fa62138f0 Exception <a 'java/lang/ClassNotFoundException'{0x00000000a2776f10}: org/springframework/transaction/annotation/AbstractTransactionManagementConfigurationCustomizer> (0x00000000a2776f10) 
thrown [s\open\src\hotspot\share\classfile\systemDictionary.cpp, line 256]
Event: 9.046 Thread 0x0000011fa62138f0 Exception <a 'java/lang/ClassNotFoundException'{0x00000000a277f008}: org/springframework/transaction/annotation/ProxyTransactionManagementConfigurationCustomizer> (0x00000000a277f008) 
thrown [s\open\src\hotspot\share\classfile\systemDictionary.cpp, line 256]
Event: 9.050 Thread 0x0000011fa62138f0 Exception <a 'java/lang/ClassNotFoundException'{0x00000000a27885a8}: org/springframework/context/annotation/ImportAwareCustomizer> (0x00000000a27885a8) 
thrown [s\open\src\hotspot\share\classfile\systemDictionary.cpp, line 256]
Event: 9.051 Thread 0x0000011fa62138f0 Exception <a 'java/lang/ClassNotFoundException'{0x00000000a278e898}: org/springframework/beans/factory/AwareCustomizer> (0x00000000a278e898) 
thrown [s\open\src\hotspot\share\classfile\systemDictionary.cpp, line 256]
Event: 9.195 Thread 0x0000011fa62138f0 Exception <a 'java/lang/NoSuchMethodError'{0x00000000a6f45580}: 'java.lang.Object java.lang.invoke.DirectMethodHandle$Holder.invokeSpecialIFC(java.lang.Object, java.lang.Object, java.lang.Object)'> (0x00000000a6f45580) 
thrown [s\open\src\hotspot\share\interpreter\linkResolver.cpp, line 759]
Event: 9.413 Thread 0x0000011fa62138f0 Exception <a 'java/lang/NoSuchMethodError'{0x00000000a609a730}: 'int java.lang.invoke.DirectMethodHandle$Holder.invokeSpecial(java.lang.Object, java.lang.Object, java.lang.Object, java.lang.Object, java.lang.Object)'> (0x00000000a609a730) 
thrown [s\open\src\hotspot\share\interpreter\linkResolver.cpp, line 759]
Event: 9.751 Thread 0x0000011fa62138f0 Exception <a 'java/lang/NoSuchMethodError'{0x00000000a5d598d0}: 'void java.lang.invoke.DirectMethodHandle$Holder.invokeStatic(java.lang.Object, java.lang.Object, int)'> (0x00000000a5d598d0) 
thrown [s\open\src\hotspot\share\interpreter\linkResolver.cpp, line 759]

VM Operations (20 events):
Event: 8.207 Executing VM operation: HandshakeAllThreads
Event: 8.207 Executing VM operation: HandshakeAllThreads done
Event: 8.335 Executing VM operation: HandshakeAllThreads
Event: 8.335 Executing VM operation: HandshakeAllThreads done
Event: 8.781 Executing VM operation: HandshakeAllThreads
Event: 8.781 Executing VM operation: HandshakeAllThreads done
Event: 8.782 Executing VM operation: HandshakeAllThreads
Event: 8.782 Executing VM operation: HandshakeAllThreads done
Event: 8.862 Executing VM operation: HandshakeAllThreads
Event: 8.862 Executing VM operation: HandshakeAllThreads done
Event: 9.129 Executing VM operation: HandshakeAllThreads
Event: 9.129 Executing VM operation: HandshakeAllThreads done
Event: 9.129 Executing VM operation: Cleanup
Event: 9.129 Executing VM operation: Cleanup done
Event: 9.151 Executing VM operation: G1CollectForAllocation
Event: 9.164 Executing VM operation: G1CollectForAllocation done
Event: 9.335 Executing VM operation: HandshakeAllThreads
Event: 9.335 Executing VM operation: HandshakeAllThreads done
Event: 9.729 Executing VM operation: HandshakeAllThreads
Event: 9.730 Executing VM operation: HandshakeAllThreads done

Events (20 events):
Event: 9.414 loading class java/util/stream/SortedOps
Event: 9.414 loading class java/util/stream/SortedOps done
Event: 9.414 loading class java/util/stream/SortedOps$OfRef
Event: 9.414 loading class java/util/stream/SortedOps$OfRef done
Event: 9.415 loading class java/util/stream/SortedOps$RefSortingSink
Event: 9.415 loading class java/util/stream/SortedOps$AbstractRefSortingSink
Event: 9.415 loading class java/util/stream/SortedOps$AbstractRefSortingSink done
Event: 9.415 loading class java/util/stream/SortedOps$RefSortingSink done
Event: 9.452 loading class javax/management/MBeanRegistration
Event: 9.452 loading class javax/management/MBeanRegistration done
Event: 9.677 loading class java/util/stream/SortedOps$SizedRefSortingSink
Event: 9.677 loading class java/util/stream/SortedOps$SizedRefSortingSink done
Event: 9.749 loading class java/util/function/IntUnaryOperator
Event: 9.750 loading class java/util/function/IntUnaryOperator done
Event: 9.750 loading class java/util/stream/IntPipeline$4
Event: 9.750 loading class java/util/stream/IntPipeline$4 done
Event: 9.751 loading class java/util/stream/ForEachOps$ForEachOp$OfInt
Event: 9.752 loading class java/util/stream/ForEachOps$ForEachOp$OfInt done
Event: 9.752 loading class java/util/stream/IntPipeline$4$1
Event: 9.756 loading class java/util/stream/IntPipeline$4$1 done


Dynamic libraries:
0x00007ff7a9680000 - 0x00007ff7a9690000 	C:\Program Files\Java\jdk-17.0.5\bin\java.exe
0x00007ff8cf610000 - 0x00007ff8cf808000 	C:\Windows\SYSTEM32\ntdll.dll
0x00007ff8cd6f0000 - 0x00007ff8cd7af000 	C:\Windows\System32\KERNEL32.DLL
0x00007ff8cccf0000 - 0x00007ff8ccfe6000 	C:\Windows\System32\KERNELBASE.dll
0x00007ff8ccff0000 - 0x00007ff8cd0f0000 	C:\Windows\System32\ucrtbase.dll
0x00007ff8c4f30000 - 0x00007ff8c4f4a000 	C:\Program Files\Java\jdk-17.0.5\bin\VCRUNTIME140.dll
0x00007ff8b2860000 - 0x00007ff8b2878000 	C:\Program Files\Java\jdk-17.0.5\bin\jli.dll
0x00007ff8ce6b0000 - 0x00007ff8ce75f000 	C:\Windows\System32\ADVAPI32.dll
0x00007ff8cdaa0000 - 0x00007ff8cdb3e000 	C:\Windows\System32\msvcrt.dll
0x00007ff8cda00000 - 0x00007ff8cda9c000 	C:\Windows\System32\sechost.dll
0x00007ff8cdc80000 - 0x00007ff8cdda6000 	C:\Windows\System32\RPCRT4.dll
0x00007ff8ce510000 - 0x00007ff8ce6ad000 	C:\Windows\System32\USER32.dll
0x00007ff8cd280000 - 0x00007ff8cd2a2000 	C:\Windows\System32\win32u.dll
0x00007ff8cd7c0000 - 0x00007ff8cd7ec000 	C:\Windows\System32\GDI32.dll
0x00007ff8cd2b0000 - 0x00007ff8cd3c5000 	C:\Windows\System32\gdi32full.dll
0x00007ff8cd140000 - 0x00007ff8cd1dd000 	C:\Windows\System32\msvcp_win.dll
0x00007ff8b1d30000 - 0x00007ff8b1fca000 	C:\Windows\WinSxS\amd64_microsoft.windows.common-controls_6595b64144ccf1df_6.0.19041.1110_none_60b5254171f9507e\COMCTL32.dll
0x00007ff8c4bc0000 - 0x00007ff8c4bca000 	C:\Windows\SYSTEM32\VERSION.dll
0x00007ff8ce170000 - 0x00007ff8ce1a0000 	C:\Windows\System32\IMM32.DLL
0x00007ff8c4f20000 - 0x00007ff8c4f2c000 	C:\Program Files\Java\jdk-17.0.5\bin\vcruntime140_1.dll
0x00007ff898540000 - 0x00007ff8985cd000 	C:\Program Files\Java\jdk-17.0.5\bin\msvcp140.dll
0x00007ff87dfb0000 - 0x00007ff87eb72000 	C:\Program Files\Java\jdk-17.0.5\bin\server\jvm.dll
0x00007ff8cd7b0000 - 0x00007ff8cd7b8000 	C:\Windows\System32\PSAPI.DLL
0x00007ff8bcb40000 - 0x00007ff8bcb49000 	C:\Windows\SYSTEM32\WSOCK32.dll
0x00007ff8cf560000 - 0x00007ff8cf5cb000 	C:\Windows\System32\WS2_32.dll
0x00007ff8c89a0000 - 0x00007ff8c89c7000 	C:\Windows\SYSTEM32\WINMM.dll
0x00007ff8cab80000 - 0x00007ff8cab92000 	C:\Windows\SYSTEM32\kernel.appcore.dll
0x00007ff8c0810000 - 0x00007ff8c081a000 	C:\Program Files\Java\jdk-17.0.5\bin\jimage.dll
0x00007ff8c4c70000 - 0x00007ff8c4e54000 	C:\Windows\SYSTEM32\DBGHELP.DLL
0x00007ff8c1c00000 - 0x00007ff8c1c34000 	C:\Windows\SYSTEM32\dbgcore.DLL
0x00007ff8cd3d0000 - 0x00007ff8cd452000 	C:\Windows\System32\bcryptPrimitives.dll
0x00007ff8b4030000 - 0x00007ff8b403e000 	C:\Program Files\Java\jdk-17.0.5\bin\instrument.dll
0x00007ff8a5030000 - 0x00007ff8a5055000 	C:\Program Files\Java\jdk-17.0.5\bin\java.dll
0x00007ff898460000 - 0x00007ff898536000 	C:\Program Files\Java\jdk-17.0.5\bin\jsvml.dll
0x00007ff8cee10000 - 0x00007ff8cf554000 	C:\Windows\System32\SHELL32.dll
0x00007ff8cad80000 - 0x00007ff8cb514000 	C:\Windows\SYSTEM32\windows.storage.dll
0x00007ff8ce1a0000 - 0x00007ff8ce4f4000 	C:\Windows\System32\combase.dll
0x00007ff8cc580000 - 0x00007ff8cc5ae000 	C:\Windows\SYSTEM32\Wldp.dll
0x00007ff8ce760000 - 0x00007ff8ce80d000 	C:\Windows\System32\SHCORE.dll
0x00007ff8ce110000 - 0x00007ff8ce165000 	C:\Windows\System32\shlwapi.dll
0x00007ff8ccc20000 - 0x00007ff8ccc45000 	C:\Windows\SYSTEM32\profapi.dll
0x00007ff898440000 - 0x00007ff898458000 	C:\Program Files\Java\jdk-17.0.5\bin\zip.dll
0x00007ff8b2120000 - 0x00007ff8b2139000 	C:\Program Files\Java\jdk-17.0.5\bin\net.dll
0x00007ff8c6980000 - 0x00007ff8c6a8a000 	C:\Windows\SYSTEM32\WINHTTP.dll
0x00007ff8cc360000 - 0x00007ff8cc3ca000 	C:\Windows\system32\mswsock.dll
0x00007ff8a5010000 - 0x00007ff8a5026000 	C:\Program Files\Java\jdk-17.0.5\bin\nio.dll
0x00007ff898420000 - 0x00007ff89843a000 	C:\Program Files\JetBrains\IntelliJ IDEA Community Edition 2021.2.3\bin\breakgen64.dll
0x00007ff8bf3d0000 - 0x00007ff8bf3e0000 	C:\Program Files\Java\jdk-17.0.5\bin\verify.dll
0x00007ff8b2370000 - 0x00007ff8b2379000 	C:\Program Files\Java\jdk-17.0.5\bin\management.dll
0x00007ff8b2330000 - 0x00007ff8b233b000 	C:\Program Files\Java\jdk-17.0.5\bin\management_ext.dll
0x00007ff8cc070000 - 0x00007ff8cc0ac000 	C:\Windows\SYSTEM32\IPHLPAPI.DLL
0x00007ff8ce500000 - 0x00007ff8ce508000 	C:\Windows\System32\NSI.dll
0x00007ff8c7600000 - 0x00007ff8c7617000 	C:\Windows\SYSTEM32\dhcpcsvc6.DLL
0x00007ff8c76f0000 - 0x00007ff8c770d000 	C:\Windows\SYSTEM32\dhcpcsvc.DLL
0x00007ff8cc0b0000 - 0x00007ff8cc17a000 	C:\Windows\SYSTEM32\DNSAPI.dll
0x00007ff8c4540000 - 0x00007ff8c454a000 	C:\Windows\System32\rasadhlp.dll
0x00007ff8c6dd0000 - 0x00007ff8c6e52000 	C:\Windows\System32\fwpuclnt.dll
0x00007ff8cd1e0000 - 0x00007ff8cd207000 	C:\Windows\System32\bcrypt.dll
0x00007ff8b2ff0000 - 0x00007ff8b3007000 	C:\Windows\system32\napinsp.dll
0x00007ff8b2e20000 - 0x00007ff8b2e3b000 	C:\Windows\system32\pnrpnsp.dll
0x00007ff8b2250000 - 0x00007ff8b2265000 	C:\Windows\system32\wshbth.dll
0x00007ff8c7f60000 - 0x00007ff8c7f7d000 	C:\Windows\system32\NLAapi.dll
0x00007ff8b2e00000 - 0x00007ff8b2e12000 	C:\Windows\System32\winrnr.dll

dbghelp: loaded successfully - version: 4.0.5 - missing functions: none
symbol engine: initialized successfully - sym options: 0x614 - pdb path: .;C:\Program Files\Java\jdk-17.0.5\bin;C:\Windows\SYSTEM32;C:\Windows\WinSxS\amd64_microsoft.windows.common-controls_6595b64144ccf1df_6.0.19041.1110_none_60b5254171f9507e;C:\Program Files\Java\jdk-17.0.5\bin\server;C:\Program Files\JetBrains\IntelliJ IDEA Community Edition 2021.2.3\bin

VM Arguments:
jvm_args: -javaagent:C:\Program Files\JetBrains\IntelliJ IDEA Community Edition 2021.2.3\lib\idea_rt.jar=53647:C:\Program Files\JetBrains\IntelliJ IDEA Community Edition 2021.2.3\bin -Dfile.encoding=UTF-8 
java_command: io.github.pacatovisk.mscartoes.MscartoesApplication
java_class_path (initial): C:\Users\marce\IdeaProjects\mscartoes\mscartoes\target\classes;C:\Users\marce\.m2\repository\org\springframework\boot\spring-boot-starter-data-jpa\2.7.14\spring-boot-starter-data-jpa-2.7.14.jar;C:\Users\marce\.m2\repository\org\springframework\boot\spring-boot-starter-aop\2.7.14\spring-boot-starter-aop-2.7.14.jar;C:\Users\marce\.m2\repository\org\springframework\spring-aop\5.3.29\spring-aop-5.3.29.jar;C:\Users\marce\.m2\repository\org\aspectj\aspectjweaver\1.9.7\aspectjweaver-1.9.7.jar;C:\Users\marce\.m2\repository\org\springframework\boot\spring-boot-starter-jdbc\2.7.14\spring-boot-starter-jdbc-2.7.14.jar;C:\Users\marce\.m2\repository\com\zaxxer\HikariCP\4.0.3\HikariCP-4.0.3.jar;C:\Users\marce\.m2\repository\org\springframework\spring-jdbc\5.3.29\spring-jdbc-5.3.29.jar;C:\Users\marce\.m2\repository\jakarta\transaction\jakarta.transaction-api\1.3.3\jakarta.transaction-api-1.3.3.jar;C:\Users\marce\.m2\repository\jakarta\persistence\jakarta.persistence-api\2.2.3\jakarta.persistence-api-2.2.3.jar;C:\Users\marce\.m2\repository\org\hibernate\hibernate-core\5.6.15.Final\hibernate-core-5.6.15.Final.jar;C:\Users\marce\.m2\repository\org\jboss\logging\jboss-logging\3.4.3.Final\jboss-logging-3.4.3.Final.jar;C:\Users\marce\.m2\repository\net\bytebuddy\byte-buddy\1.12.23\byte-buddy-1.12.23.jar;C:\Users\marce\.m2\repository\antlr\antlr\2.7.7\antlr-2.7.7.jar;C:\Users\marce\.m2\repository\org\jboss\jandex\2.4.2.Final\jandex-2.4.2.Final.jar;C:\Users\marce\.m2\repository\com\fasterxml\classmate\1.5.1\classmate-1.5.1.jar;C:\Users\marce\.m2\repository\org\hibernate\common\hibernate-commons-annotations\5.1.2.Final\hibernate-commons-annotations-5.1.2.Final.jar;C:\Users\marce\.m2\repository\org\glassfish\jaxb\jaxb-runtime\2.3.8\jaxb-runtime-2.3.8.jar;C:\Users\marce\.m2\repository\org\glassfish\jaxb\txw2\2.3.8\txw2-2.3.8.jar;C:\Users\marce\.m2\repository\com\sun\istack\istack-commons-runtime\3.0.12\istack-commons-runtime-3.0.12.jar;C:\Users\marce\.m2\repositor
Launcher Type: SUN_STANDARD

[Global flags]
     intx CICompilerCount                          = 3                                         {product} {ergonomic}
     uint ConcGCThreads                            = 1                                         {product} {ergonomic}
     uint G1ConcRefinementThreads                  = 4                                         {product} {ergonomic}
   size_t G1HeapRegionSize                         = 1048576                                   {product} {ergonomic}
    uintx GCDrainStackTargetSize                   = 64                                        {product} {ergonomic}
   size_t InitialHeapSize                          = 100663296                                 {product} {ergonomic}
   size_t MarkStackSize                            = 4194304                                   {product} {ergonomic}
   size_t MaxHeapSize                              = 1593835520                                {product} {ergonomic}
   size_t MaxNewSize                               = 956301312                                 {product} {ergonomic}
   size_t MinHeapDeltaBytes                        = 1048576                                   {product} {ergonomic}
   size_t MinHeapSize                              = 8388608                                   {product} {ergonomic}
    uintx NonNMethodCodeHeapSize                   = 5832780                                {pd product} {ergonomic}
    uintx NonProfiledCodeHeapSize                  = 122912730                              {pd product} {ergonomic}
    uintx ProfiledCodeHeapSize                     = 122912730                              {pd product} {ergonomic}
    uintx ReservedCodeCacheSize                    = 251658240                              {pd product} {ergonomic}
     bool SegmentedCodeCache                       = true                                      {product} {ergonomic}
   size_t SoftMaxHeapSize                          = 1593835520                             {manageable} {ergonomic}
     bool UseCompressedClassPointers               = true                           {product lp64_product} {ergonomic}
     bool UseCompressedOops                        = true                           {product lp64_product} {ergonomic}
     bool UseG1GC                                  = true                                      {product} {ergonomic}
     bool UseLargePagesIndividualAllocation        = false                                  {pd product} {ergonomic}

Logging:
Log output configuration:
 #0: stdout all=warning uptime,level,tags
 #1: stderr all=off uptime,level,tags

Environment Variables:
PATH=C:\app\marce\product\18.0.0\dbhomeXE\bin;C:\Program Files\Common Files\Oracle\Java\javapath;C:\Windows\system32;C:\Windows;C:\Windows\System32\Wbem;C:\Windows\System32\WindowsPowerShell\v1.0\;C:\Windows\System32\OpenSSH\;C:\Program Files\heroku\client\bin;C:\Program Files\Git\cmd;C:\Program Files\Docker\Docker\resources\bin;C:\Program Files\nodejs\;C:\Program Files\MySQL\MySQL Shell 8.0\bin\;C:\Users\marce\AppData\Local\Microsoft\WindowsApps;C:\Users\marce\AppData\Local\Programs\Microsoft VS Code\bin;C:\Program Files\heroku\client\bin;C:\Users\marce\AppData\Roaming\npm
USERNAME=marce
OS=Windows_NT
PROCESSOR_IDENTIFIER=AMD64 Family 23 Model 24 Stepping 1, AuthenticAMD



---------------  S Y S T E M  ---------------

OS:
 Windows 10 , 64 bit Build 19041 (10.0.19041.3155)
OS uptime: 13 days 20:14 hours
Hyper-V role detected

CPU: total 4 (initial active 4) (4 cores per cpu, 2 threads per core) family 23 model 24 stepping 1 microcode 0x0, cx8, cmov, fxsr, ht, mmx, 3dnowpref, sse, sse2, sse3, ssse3, sse4a, sse4.1, sse4.2, popcnt, lzcnt, tsc, tscinvbit, avx, avx2, aes, clmul, bmi1, bmi2, adx, sha, fma, vzeroupper, clflush, clflushopt, hv

Memory: 4k page, system-wide physical 6075M (326M free)
TotalPageFile size 24507M (AvailPageFile size 5M)
current process WorkingSet (physical memory assigned to process): 157M, peak: 160M
current process commit charge ("private bytes"): 196M, peak: 223M

vm_info: Java HotSpot(TM) 64-Bit Server VM (17.0.5+9-LTS-191) for windows-amd64 JRE (17.0.5+9-LTS-191), built on Sep 13 2022 17:31:43 by "mach5one" with MS VC++ 16.8 / 16.9 (VS2019)

END.
